<?xml version="1.0" encoding="UTF-8"?>
<!-- Generated by org.testng.reporters.JUnitReportReporter -->
<testsuite skipped="0" hostname="DESKTOP-R17B62S" name="reporting_tool.Demo2" tests="1" failures="0" timestamp="8 Aug 2021 21:19:12 GMT" time="0.036" errors="0">
  <testcase name="console" time="0.036" classname="reporting_tool.Demo2"/>
</testsuite> <!-- reporting_tool.Demo2 -->
