<?xml version="1.0" encoding="UTF-8"?>
<!-- Generated by org.testng.reporters.JUnitReportReporter -->
<testsuite skipped="0" hostname="DESKTOP-R17B62S" name="reporting_tool.Demo1" tests="1" failures="0" timestamp="8 Aug 2021 18:50:15 GMT" time="0.426" errors="0">
  <testcase name="test1" time="0.426" classname="reporting_tool.Demo1"/>
</testsuite> <!-- reporting_tool.Demo1 -->
